2018-12-02T01:12:27+00:00 CRITICAL Uncaught Error: Call to undefined function threed_word_limit() in /var/www/html/r3dp.biz/public_html/wp-content/plugins/threed-vc-addons/vc-extensions/threed_custom_title_frontend.php:122
Stack trace:
#0 /var/www/html/r3dp.biz/public_html/wp-includes/shortcodes.php(319): threed_custom_title_function(Array, '', 'threed_custom_t...')
#1 [internal function]: do_shortcode_tag(Array)
#2 /var/www/html/r3dp.biz/public_html/wp-includes/shortcodes.php(197): preg_replace_callback('/\\[(\\[?)(threed...', 'do_shortcode_ta...', '[threed_custom_...')
#3 /var/www/html/r3dp.biz/public_html/wp-content/plugins/js-composer/include/helpers/helpers.php(236): do_shortcode('[threed_custom_...')
#4 /var/www/html/r3dp.biz/public_html/wp-content/plugins/js-composer/include/templates/shortcodes/vc_column.php(94): wpb_js_remove_wpautop('[threed_custom_...')
#5 /var/www/html/r3dp.biz/public_html/wp-content/plugins/js-composer/include/classes/shortcodes/shortcodes.php(478): include('/var/www/html/r...')
#6 /var/www/html/r3dp.biz/public_ht in /var/www/html/r3dp.biz/public_html/wp-content/plugins/threed-vc-addons/vc-extensions/threed_custom_title_frontend.php on line 122

2018-12-02T01:35:26+00:00 CRITICAL Uncaught Error: Call to undefined function threed_word_limit() in /var/www/html/r3dp.biz/public_html/wp-content/plugins/threed-vc-addons/vc-extensions/threed_custom_title_frontend.php:122
Stack trace:
#0 /var/www/html/r3dp.biz/public_html/wp-includes/shortcodes.php(319): threed_custom_title_function(Array, '', 'threed_custom_t...')
#1 [internal function]: do_shortcode_tag(Array)
#2 /var/www/html/r3dp.biz/public_html/wp-includes/shortcodes.php(197): preg_replace_callback('/\\[(\\[?)(threed...', 'do_shortcode_ta...', '[threed_custom_...')
#3 /var/www/html/r3dp.biz/public_html/wp-content/plugins/js-composer/include/helpers/helpers.php(236): do_shortcode('[threed_custom_...')
#4 /var/www/html/r3dp.biz/public_html/wp-content/plugins/js-composer/include/templates/shortcodes/vc_column.php(94): wpb_js_remove_wpautop('[threed_custom_...')
#5 /var/www/html/r3dp.biz/public_html/wp-content/plugins/js-composer/include/classes/shortcodes/shortcodes.php(478): include('/var/www/html/r...')
#6 /var/www/html/r3dp.biz/public_ht in /var/www/html/r3dp.biz/public_html/wp-content/plugins/threed-vc-addons/vc-extensions/threed_custom_title_frontend.php on line 122

2018-12-02T01:51:14+00:00 CRITICAL Uncaught Error: Call to undefined function threed_word_limit() in /var/www/html/r3dp.biz/public_html/wp-content/plugins/threed-vc-addons/vc-extensions/threed_custom_title_frontend.php:122
Stack trace:
#0 /var/www/html/r3dp.biz/public_html/wp-includes/shortcodes.php(319): threed_custom_title_function(Array, '', 'threed_custom_t...')
#1 [internal function]: do_shortcode_tag(Array)
#2 /var/www/html/r3dp.biz/public_html/wp-includes/shortcodes.php(197): preg_replace_callback('/\\[(\\[?)(threed...', 'do_shortcode_ta...', '[threed_custom_...')
#3 /var/www/html/r3dp.biz/public_html/wp-content/plugins/js-composer/include/helpers/helpers.php(236): do_shortcode('[threed_custom_...')
#4 /var/www/html/r3dp.biz/public_html/wp-content/plugins/js-composer/include/templates/shortcodes/vc_column.php(94): wpb_js_remove_wpautop('[threed_custom_...')
#5 /var/www/html/r3dp.biz/public_html/wp-content/plugins/js-composer/include/classes/shortcodes/shortcodes.php(478): include('/var/www/html/r...')
#6 /var/www/html/r3dp.biz/public_ht in /var/www/html/r3dp.biz/public_html/wp-content/plugins/threed-vc-addons/vc-extensions/threed_custom_title_frontend.php on line 122

2018-12-02T02:11:26+00:00 CRITICAL Uncaught Error: Call to undefined function threed_word_limit() in /var/www/html/r3dp.biz/public_html/wp-content/plugins/threed-vc-addons/vc-extensions/threed_custom_title_frontend.php:122
Stack trace:
#0 /var/www/html/r3dp.biz/public_html/wp-includes/shortcodes.php(319): threed_custom_title_function(Array, '', 'threed_custom_t...')
#1 [internal function]: do_shortcode_tag(Array)
#2 /var/www/html/r3dp.biz/public_html/wp-includes/shortcodes.php(197): preg_replace_callback('/\\[(\\[?)(threed...', 'do_shortcode_ta...', '[threed_custom_...')
#3 /var/www/html/r3dp.biz/public_html/wp-content/plugins/js-composer/include/helpers/helpers.php(236): do_shortcode('[threed_custom_...')
#4 /var/www/html/r3dp.biz/public_html/wp-content/plugins/js-composer/include/templates/shortcodes/vc_column.php(94): wpb_js_remove_wpautop('[threed_custom_...')
#5 /var/www/html/r3dp.biz/public_html/wp-content/plugins/js-composer/include/classes/shortcodes/shortcodes.php(478): include('/var/www/html/r...')
#6 /var/www/html/r3dp.biz/public_ht in /var/www/html/r3dp.biz/public_html/wp-content/plugins/threed-vc-addons/vc-extensions/threed_custom_title_frontend.php on line 122

2018-12-02T02:11:26+00:00 CRITICAL Uncaught Error: Call to undefined function threed_word_limit() in /var/www/html/r3dp.biz/public_html/wp-content/plugins/threed-vc-addons/vc-extensions/threed_custom_title_frontend.php:122
Stack trace:
#0 /var/www/html/r3dp.biz/public_html/wp-includes/shortcodes.php(319): threed_custom_title_function(Array, '', 'threed_custom_t...')
#1 [internal function]: do_shortcode_tag(Array)
#2 /var/www/html/r3dp.biz/public_html/wp-includes/shortcodes.php(197): preg_replace_callback('/\\[(\\[?)(threed...', 'do_shortcode_ta...', '[threed_custom_...')
#3 /var/www/html/r3dp.biz/public_html/wp-content/plugins/js-composer/include/helpers/helpers.php(236): do_shortcode('[threed_custom_...')
#4 /var/www/html/r3dp.biz/public_html/wp-content/plugins/js-composer/include/templates/shortcodes/vc_column.php(94): wpb_js_remove_wpautop('[threed_custom_...')
#5 /var/www/html/r3dp.biz/public_html/wp-content/plugins/js-composer/include/classes/shortcodes/shortcodes.php(478): include('/var/www/html/r...')
#6 /var/www/html/r3dp.biz/public_ht in /var/www/html/r3dp.biz/public_html/wp-content/plugins/threed-vc-addons/vc-extensions/threed_custom_title_frontend.php on line 122

2018-12-02T02:47:19+00:00 CRITICAL Uncaught Error: Call to undefined function threed_word_limit() in /var/www/html/r3dp.biz/public_html/wp-content/plugins/threed-vc-addons/vc-extensions/threed_custom_title_frontend.php:122
Stack trace:
#0 /var/www/html/r3dp.biz/public_html/wp-includes/shortcodes.php(319): threed_custom_title_function(Array, '', 'threed_custom_t...')
#1 [internal function]: do_shortcode_tag(Array)
#2 /var/www/html/r3dp.biz/public_html/wp-includes/shortcodes.php(197): preg_replace_callback('/\\[(\\[?)(threed...', 'do_shortcode_ta...', '[threed_custom_...')
#3 /var/www/html/r3dp.biz/public_html/wp-content/plugins/js-composer/include/helpers/helpers.php(236): do_shortcode('[threed_custom_...')
#4 /var/www/html/r3dp.biz/public_html/wp-content/plugins/js-composer/include/templates/shortcodes/vc_column.php(94): wpb_js_remove_wpautop('[threed_custom_...')
#5 /var/www/html/r3dp.biz/public_html/wp-content/plugins/js-composer/include/classes/shortcodes/shortcodes.php(478): include('/var/www/html/r...')
#6 /var/www/html/r3dp.biz/public_ht in /var/www/html/r3dp.biz/public_html/wp-content/plugins/threed-vc-addons/vc-extensions/threed_custom_title_frontend.php on line 122

2018-12-02T02:47:41+00:00 CRITICAL Uncaught Error: Call to undefined function threed_word_limit() in /var/www/html/r3dp.biz/public_html/wp-content/plugins/threed-vc-addons/vc-extensions/threed_custom_title_frontend.php:122
Stack trace:
#0 /var/www/html/r3dp.biz/public_html/wp-includes/shortcodes.php(319): threed_custom_title_function(Array, '', 'threed_custom_t...')
#1 [internal function]: do_shortcode_tag(Array)
#2 /var/www/html/r3dp.biz/public_html/wp-includes/shortcodes.php(197): preg_replace_callback('/\\[(\\[?)(threed...', 'do_shortcode_ta...', '[threed_custom_...')
#3 /var/www/html/r3dp.biz/public_html/wp-content/plugins/js-composer/include/helpers/helpers.php(236): do_shortcode('[threed_custom_...')
#4 /var/www/html/r3dp.biz/public_html/wp-content/plugins/js-composer/include/templates/shortcodes/vc_column.php(94): wpb_js_remove_wpautop('[threed_custom_...')
#5 /var/www/html/r3dp.biz/public_html/wp-content/plugins/js-composer/include/classes/shortcodes/shortcodes.php(478): include('/var/www/html/r...')
#6 /var/www/html/r3dp.biz/public_ht in /var/www/html/r3dp.biz/public_html/wp-content/plugins/threed-vc-addons/vc-extensions/threed_custom_title_frontend.php on line 122

2018-12-02T04:31:27+00:00 CRITICAL Uncaught Error: Call to undefined function threed_word_limit() in /var/www/html/r3dp.biz/public_html/wp-content/plugins/threed-vc-addons/vc-extensions/threed_custom_title_frontend.php:122
Stack trace:
#0 /var/www/html/r3dp.biz/public_html/wp-includes/shortcodes.php(319): threed_custom_title_function(Array, '', 'threed_custom_t...')
#1 [internal function]: do_shortcode_tag(Array)
#2 /var/www/html/r3dp.biz/public_html/wp-includes/shortcodes.php(197): preg_replace_callback('/\\[(\\[?)(threed...', 'do_shortcode_ta...', '[threed_custom_...')
#3 /var/www/html/r3dp.biz/public_html/wp-content/plugins/js-composer/include/helpers/helpers.php(236): do_shortcode('[threed_custom_...')
#4 /var/www/html/r3dp.biz/public_html/wp-content/plugins/js-composer/include/templates/shortcodes/vc_column.php(94): wpb_js_remove_wpautop('[threed_custom_...')
#5 /var/www/html/r3dp.biz/public_html/wp-content/plugins/js-composer/include/classes/shortcodes/shortcodes.php(478): include('/var/www/html/r...')
#6 /var/www/html/r3dp.biz/public_ht in /var/www/html/r3dp.biz/public_html/wp-content/plugins/threed-vc-addons/vc-extensions/threed_custom_title_frontend.php on line 122

2018-12-02T05:40:19+00:00 CRITICAL Uncaught Error: Call to undefined function threed_word_limit() in /var/www/html/r3dp.biz/public_html/wp-content/plugins/threed-vc-addons/vc-extensions/threed_custom_title_frontend.php:122
Stack trace:
#0 /var/www/html/r3dp.biz/public_html/wp-includes/shortcodes.php(319): threed_custom_title_function(Array, '', 'threed_custom_t...')
#1 [internal function]: do_shortcode_tag(Array)
#2 /var/www/html/r3dp.biz/public_html/wp-includes/shortcodes.php(197): preg_replace_callback('/\\[(\\[?)(threed...', 'do_shortcode_ta...', '[threed_custom_...')
#3 /var/www/html/r3dp.biz/public_html/wp-content/plugins/js-composer/include/helpers/helpers.php(236): do_shortcode('[threed_custom_...')
#4 /var/www/html/r3dp.biz/public_html/wp-content/plugins/js-composer/include/templates/shortcodes/vc_column.php(94): wpb_js_remove_wpautop('[threed_custom_...')
#5 /var/www/html/r3dp.biz/public_html/wp-content/plugins/js-composer/include/classes/shortcodes/shortcodes.php(478): include('/var/www/html/r...')
#6 /var/www/html/r3dp.biz/public_ht in /var/www/html/r3dp.biz/public_html/wp-content/plugins/threed-vc-addons/vc-extensions/threed_custom_title_frontend.php on line 122

2018-12-02T06:11:43+00:00 CRITICAL Uncaught Error: Call to undefined function threed_word_limit() in /var/www/html/r3dp.biz/public_html/wp-content/plugins/threed-vc-addons/vc-extensions/threed_custom_title_frontend.php:122
Stack trace:
#0 /var/www/html/r3dp.biz/public_html/wp-includes/shortcodes.php(319): threed_custom_title_function(Array, '', 'threed_custom_t...')
#1 [internal function]: do_shortcode_tag(Array)
#2 /var/www/html/r3dp.biz/public_html/wp-includes/shortcodes.php(197): preg_replace_callback('/\\[(\\[?)(threed...', 'do_shortcode_ta...', '[threed_custom_...')
#3 /var/www/html/r3dp.biz/public_html/wp-content/plugins/js-composer/include/helpers/helpers.php(236): do_shortcode('[threed_custom_...')
#4 /var/www/html/r3dp.biz/public_html/wp-content/plugins/js-composer/include/templates/shortcodes/vc_column.php(94): wpb_js_remove_wpautop('[threed_custom_...')
#5 /var/www/html/r3dp.biz/public_html/wp-content/plugins/js-composer/include/classes/shortcodes/shortcodes.php(478): include('/var/www/html/r...')
#6 /var/www/html/r3dp.biz/public_ht in /var/www/html/r3dp.biz/public_html/wp-content/plugins/threed-vc-addons/vc-extensions/threed_custom_title_frontend.php on line 122

2018-12-02T07:38:07+00:00 CRITICAL Uncaught Error: Call to undefined function threed_word_limit() in /var/www/html/r3dp.biz/public_html/wp-content/plugins/threed-vc-addons/vc-extensions/threed_custom_title_frontend.php:122
Stack trace:
#0 /var/www/html/r3dp.biz/public_html/wp-includes/shortcodes.php(319): threed_custom_title_function(Array, '', 'threed_custom_t...')
#1 [internal function]: do_shortcode_tag(Array)
#2 /var/www/html/r3dp.biz/public_html/wp-includes/shortcodes.php(197): preg_replace_callback('/\\[(\\[?)(threed...', 'do_shortcode_ta...', '[threed_custom_...')
#3 /var/www/html/r3dp.biz/public_html/wp-content/plugins/js-composer/include/helpers/helpers.php(236): do_shortcode('[threed_custom_...')
#4 /var/www/html/r3dp.biz/public_html/wp-content/plugins/js-composer/include/templates/shortcodes/vc_column.php(94): wpb_js_remove_wpautop('[threed_custom_...')
#5 /var/www/html/r3dp.biz/public_html/wp-content/plugins/js-composer/include/classes/shortcodes/shortcodes.php(478): include('/var/www/html/r...')
#6 /var/www/html/r3dp.biz/public_ht in /var/www/html/r3dp.biz/public_html/wp-content/plugins/threed-vc-addons/vc-extensions/threed_custom_title_frontend.php on line 122

2018-12-02T08:17:38+00:00 CRITICAL Uncaught Error: Call to undefined function threed_word_limit() in /var/www/html/r3dp.biz/public_html/wp-content/plugins/threed-vc-addons/vc-extensions/threed_custom_title_frontend.php:122
Stack trace:
#0 /var/www/html/r3dp.biz/public_html/wp-includes/shortcodes.php(319): threed_custom_title_function(Array, '', 'threed_custom_t...')
#1 [internal function]: do_shortcode_tag(Array)
#2 /var/www/html/r3dp.biz/public_html/wp-includes/shortcodes.php(197): preg_replace_callback('/\\[(\\[?)(threed...', 'do_shortcode_ta...', '[threed_custom_...')
#3 /var/www/html/r3dp.biz/public_html/wp-content/plugins/js-composer/include/helpers/helpers.php(236): do_shortcode('[threed_custom_...')
#4 /var/www/html/r3dp.biz/public_html/wp-content/plugins/js-composer/include/templates/shortcodes/vc_column.php(94): wpb_js_remove_wpautop('[threed_custom_...')
#5 /var/www/html/r3dp.biz/public_html/wp-content/plugins/js-composer/include/classes/shortcodes/shortcodes.php(478): include('/var/www/html/r...')
#6 /var/www/html/r3dp.biz/public_ht in /var/www/html/r3dp.biz/public_html/wp-content/plugins/threed-vc-addons/vc-extensions/threed_custom_title_frontend.php on line 122

2018-12-02T08:27:33+00:00 CRITICAL Uncaught Error: Call to undefined function threed_word_limit() in /var/www/html/r3dp.biz/public_html/wp-content/plugins/threed-vc-addons/vc-extensions/threed_custom_title_frontend.php:122
Stack trace:
#0 /var/www/html/r3dp.biz/public_html/wp-includes/shortcodes.php(319): threed_custom_title_function(Array, '', 'threed_custom_t...')
#1 [internal function]: do_shortcode_tag(Array)
#2 /var/www/html/r3dp.biz/public_html/wp-includes/shortcodes.php(197): preg_replace_callback('/\\[(\\[?)(threed...', 'do_shortcode_ta...', '[threed_custom_...')
#3 /var/www/html/r3dp.biz/public_html/wp-content/plugins/js-composer/include/helpers/helpers.php(236): do_shortcode('[threed_custom_...')
#4 /var/www/html/r3dp.biz/public_html/wp-content/plugins/js-composer/include/templates/shortcodes/vc_column.php(94): wpb_js_remove_wpautop('[threed_custom_...')
#5 /var/www/html/r3dp.biz/public_html/wp-content/plugins/js-composer/include/classes/shortcodes/shortcodes.php(478): include('/var/www/html/r...')
#6 /var/www/html/r3dp.biz/public_ht in /var/www/html/r3dp.biz/public_html/wp-content/plugins/threed-vc-addons/vc-extensions/threed_custom_title_frontend.php on line 122

2018-12-02T08:39:22+00:00 CRITICAL Uncaught Error: Call to undefined function threed_word_limit() in /var/www/html/r3dp.biz/public_html/wp-content/plugins/threed-vc-addons/vc-extensions/threed_custom_title_frontend.php:122
Stack trace:
#0 /var/www/html/r3dp.biz/public_html/wp-includes/shortcodes.php(319): threed_custom_title_function(Array, '', 'threed_custom_t...')
#1 [internal function]: do_shortcode_tag(Array)
#2 /var/www/html/r3dp.biz/public_html/wp-includes/shortcodes.php(197): preg_replace_callback('/\\[(\\[?)(threed...', 'do_shortcode_ta...', '[threed_custom_...')
#3 /var/www/html/r3dp.biz/public_html/wp-content/plugins/js-composer/include/helpers/helpers.php(236): do_shortcode('[threed_custom_...')
#4 /var/www/html/r3dp.biz/public_html/wp-content/plugins/js-composer/include/templates/shortcodes/vc_column.php(94): wpb_js_remove_wpautop('[threed_custom_...')
#5 /var/www/html/r3dp.biz/public_html/wp-content/plugins/js-composer/include/classes/shortcodes/shortcodes.php(478): include('/var/www/html/r...')
#6 /var/www/html/r3dp.biz/public_ht in /var/www/html/r3dp.biz/public_html/wp-content/plugins/threed-vc-addons/vc-extensions/threed_custom_title_frontend.php on line 122

2018-12-02T09:21:40+00:00 CRITICAL Uncaught Error: Call to undefined function threed_word_limit() in /var/www/html/r3dp.biz/public_html/wp-content/plugins/threed-vc-addons/vc-extensions/threed_custom_title_frontend.php:122
Stack trace:
#0 /var/www/html/r3dp.biz/public_html/wp-includes/shortcodes.php(319): threed_custom_title_function(Array, '', 'threed_custom_t...')
#1 [internal function]: do_shortcode_tag(Array)
#2 /var/www/html/r3dp.biz/public_html/wp-includes/shortcodes.php(197): preg_replace_callback('/\\[(\\[?)(threed...', 'do_shortcode_ta...', '[threed_custom_...')
#3 /var/www/html/r3dp.biz/public_html/wp-content/plugins/js-composer/include/helpers/helpers.php(236): do_shortcode('[threed_custom_...')
#4 /var/www/html/r3dp.biz/public_html/wp-content/plugins/js-composer/include/templates/shortcodes/vc_column.php(94): wpb_js_remove_wpautop('[threed_custom_...')
#5 /var/www/html/r3dp.biz/public_html/wp-content/plugins/js-composer/include/classes/shortcodes/shortcodes.php(478): include('/var/www/html/r...')
#6 /var/www/html/r3dp.biz/public_ht in /var/www/html/r3dp.biz/public_html/wp-content/plugins/threed-vc-addons/vc-extensions/threed_custom_title_frontend.php on line 122

2018-12-02T09:21:40+00:00 CRITICAL Uncaught Error: Call to undefined function threed_word_limit() in /var/www/html/r3dp.biz/public_html/wp-content/plugins/threed-vc-addons/vc-extensions/threed_custom_title_frontend.php:122
Stack trace:
#0 /var/www/html/r3dp.biz/public_html/wp-includes/shortcodes.php(319): threed_custom_title_function(Array, '', 'threed_custom_t...')
#1 [internal function]: do_shortcode_tag(Array)
#2 /var/www/html/r3dp.biz/public_html/wp-includes/shortcodes.php(197): preg_replace_callback('/\\[(\\[?)(threed...', 'do_shortcode_ta...', '[threed_custom_...')
#3 /var/www/html/r3dp.biz/public_html/wp-content/plugins/js-composer/include/helpers/helpers.php(236): do_shortcode('[threed_custom_...')
#4 /var/www/html/r3dp.biz/public_html/wp-content/plugins/js-composer/include/templates/shortcodes/vc_column.php(94): wpb_js_remove_wpautop('[threed_custom_...')
#5 /var/www/html/r3dp.biz/public_html/wp-content/plugins/js-composer/include/classes/shortcodes/shortcodes.php(478): include('/var/www/html/r...')
#6 /var/www/html/r3dp.biz/public_ht in /var/www/html/r3dp.biz/public_html/wp-content/plugins/threed-vc-addons/vc-extensions/threed_custom_title_frontend.php on line 122

2018-12-02T09:25:28+00:00 CRITICAL Uncaught Error: Call to undefined function threed_word_limit() in /var/www/html/r3dp.biz/public_html/wp-content/plugins/threed-vc-addons/vc-extensions/threed_custom_title_frontend.php:122
Stack trace:
#0 /var/www/html/r3dp.biz/public_html/wp-includes/shortcodes.php(319): threed_custom_title_function(Array, '', 'threed_custom_t...')
#1 [internal function]: do_shortcode_tag(Array)
#2 /var/www/html/r3dp.biz/public_html/wp-includes/shortcodes.php(197): preg_replace_callback('/\\[(\\[?)(threed...', 'do_shortcode_ta...', '[threed_custom_...')
#3 /var/www/html/r3dp.biz/public_html/wp-content/plugins/js-composer/include/helpers/helpers.php(236): do_shortcode('[threed_custom_...')
#4 /var/www/html/r3dp.biz/public_html/wp-content/plugins/js-composer/include/templates/shortcodes/vc_column.php(94): wpb_js_remove_wpautop('[threed_custom_...')
#5 /var/www/html/r3dp.biz/public_html/wp-content/plugins/js-composer/include/classes/shortcodes/shortcodes.php(478): include('/var/www/html/r...')
#6 /var/www/html/r3dp.biz/public_ht in /var/www/html/r3dp.biz/public_html/wp-content/plugins/threed-vc-addons/vc-extensions/threed_custom_title_frontend.php on line 122

2018-12-02T10:03:25+00:00 CRITICAL Uncaught Error: Call to undefined function threed_word_limit() in /var/www/html/r3dp.biz/public_html/wp-content/plugins/threed-vc-addons/vc-extensions/threed_custom_title_frontend.php:122
Stack trace:
#0 /var/www/html/r3dp.biz/public_html/wp-includes/shortcodes.php(319): threed_custom_title_function(Array, '', 'threed_custom_t...')
#1 [internal function]: do_shortcode_tag(Array)
#2 /var/www/html/r3dp.biz/public_html/wp-includes/shortcodes.php(197): preg_replace_callback('/\\[(\\[?)(threed...', 'do_shortcode_ta...', '[threed_custom_...')
#3 /var/www/html/r3dp.biz/public_html/wp-content/plugins/js-composer/include/helpers/helpers.php(236): do_shortcode('[threed_custom_...')
#4 /var/www/html/r3dp.biz/public_html/wp-content/plugins/js-composer/include/templates/shortcodes/vc_column.php(94): wpb_js_remove_wpautop('[threed_custom_...')
#5 /var/www/html/r3dp.biz/public_html/wp-content/plugins/js-composer/include/classes/shortcodes/shortcodes.php(478): include('/var/www/html/r...')
#6 /var/www/html/r3dp.biz/public_ht in /var/www/html/r3dp.biz/public_html/wp-content/plugins/threed-vc-addons/vc-extensions/threed_custom_title_frontend.php on line 122

2018-12-02T10:39:17+00:00 CRITICAL Uncaught Error: Call to undefined function threed_word_limit() in /var/www/html/r3dp.biz/public_html/wp-content/plugins/threed-vc-addons/vc-extensions/threed_custom_title_frontend.php:122
Stack trace:
#0 /var/www/html/r3dp.biz/public_html/wp-includes/shortcodes.php(319): threed_custom_title_function(Array, '', 'threed_custom_t...')
#1 [internal function]: do_shortcode_tag(Array)
#2 /var/www/html/r3dp.biz/public_html/wp-includes/shortcodes.php(197): preg_replace_callback('/\\[(\\[?)(threed...', 'do_shortcode_ta...', '[threed_custom_...')
#3 /var/www/html/r3dp.biz/public_html/wp-content/plugins/js-composer/include/helpers/helpers.php(236): do_shortcode('[threed_custom_...')
#4 /var/www/html/r3dp.biz/public_html/wp-content/plugins/js-composer/include/templates/shortcodes/vc_column.php(94): wpb_js_remove_wpautop('[threed_custom_...')
#5 /var/www/html/r3dp.biz/public_html/wp-content/plugins/js-composer/include/classes/shortcodes/shortcodes.php(478): include('/var/www/html/r...')
#6 /var/www/html/r3dp.biz/public_ht in /var/www/html/r3dp.biz/public_html/wp-content/plugins/threed-vc-addons/vc-extensions/threed_custom_title_frontend.php on line 122

2018-12-02T13:30:06+00:00 CRITICAL Uncaught Error: Call to undefined function threed_word_limit() in /var/www/html/r3dp.biz/public_html/wp-content/plugins/threed-vc-addons/vc-extensions/threed_custom_title_frontend.php:122
Stack trace:
#0 /var/www/html/r3dp.biz/public_html/wp-includes/shortcodes.php(319): threed_custom_title_function(Array, '', 'threed_custom_t...')
#1 [internal function]: do_shortcode_tag(Array)
#2 /var/www/html/r3dp.biz/public_html/wp-includes/shortcodes.php(197): preg_replace_callback('/\\[(\\[?)(threed...', 'do_shortcode_ta...', '[threed_custom_...')
#3 /var/www/html/r3dp.biz/public_html/wp-content/plugins/js-composer/include/helpers/helpers.php(236): do_shortcode('[threed_custom_...')
#4 /var/www/html/r3dp.biz/public_html/wp-content/plugins/js-composer/include/templates/shortcodes/vc_column.php(94): wpb_js_remove_wpautop('[threed_custom_...')
#5 /var/www/html/r3dp.biz/public_html/wp-content/plugins/js-composer/include/classes/shortcodes/shortcodes.php(478): include('/var/www/html/r...')
#6 /var/www/html/r3dp.biz/public_ht in /var/www/html/r3dp.biz/public_html/wp-content/plugins/threed-vc-addons/vc-extensions/threed_custom_title_frontend.php on line 122

2018-12-02T13:33:19+00:00 CRITICAL Uncaught Error: Call to undefined function threed_word_limit() in /var/www/html/r3dp.biz/public_html/wp-content/plugins/threed-vc-addons/vc-extensions/threed_custom_title_frontend.php:122
Stack trace:
#0 /var/www/html/r3dp.biz/public_html/wp-includes/shortcodes.php(319): threed_custom_title_function(Array, '', 'threed_custom_t...')
#1 [internal function]: do_shortcode_tag(Array)
#2 /var/www/html/r3dp.biz/public_html/wp-includes/shortcodes.php(197): preg_replace_callback('/\\[(\\[?)(threed...', 'do_shortcode_ta...', '[threed_custom_...')
#3 /var/www/html/r3dp.biz/public_html/wp-content/plugins/js-composer/include/helpers/helpers.php(236): do_shortcode('[threed_custom_...')
#4 /var/www/html/r3dp.biz/public_html/wp-content/plugins/js-composer/include/templates/shortcodes/vc_column.php(94): wpb_js_remove_wpautop('[threed_custom_...')
#5 /var/www/html/r3dp.biz/public_html/wp-content/plugins/js-composer/include/classes/shortcodes/shortcodes.php(478): include('/var/www/html/r...')
#6 /var/www/html/r3dp.biz/public_ht in /var/www/html/r3dp.biz/public_html/wp-content/plugins/threed-vc-addons/vc-extensions/threed_custom_title_frontend.php on line 122

2018-12-02T14:36:26+00:00 CRITICAL Uncaught Error: Call to undefined function threed_word_limit() in /var/www/html/r3dp.biz/public_html/wp-content/plugins/threed-vc-addons/vc-extensions/threed_custom_title_frontend.php:122
Stack trace:
#0 /var/www/html/r3dp.biz/public_html/wp-includes/shortcodes.php(319): threed_custom_title_function(Array, '', 'threed_custom_t...')
#1 [internal function]: do_shortcode_tag(Array)
#2 /var/www/html/r3dp.biz/public_html/wp-includes/shortcodes.php(197): preg_replace_callback('/\\[(\\[?)(threed...', 'do_shortcode_ta...', '[threed_custom_...')
#3 /var/www/html/r3dp.biz/public_html/wp-content/plugins/js-composer/include/helpers/helpers.php(236): do_shortcode('[threed_custom_...')
#4 /var/www/html/r3dp.biz/public_html/wp-content/plugins/js-composer/include/templates/shortcodes/vc_column.php(94): wpb_js_remove_wpautop('[threed_custom_...')
#5 /var/www/html/r3dp.biz/public_html/wp-content/plugins/js-composer/include/classes/shortcodes/shortcodes.php(478): include('/var/www/html/r...')
#6 /var/www/html/r3dp.biz/public_ht in /var/www/html/r3dp.biz/public_html/wp-content/plugins/threed-vc-addons/vc-extensions/threed_custom_title_frontend.php on line 122

2018-12-02T14:50:48+00:00 CRITICAL Uncaught Error: Call to undefined function threed_word_limit() in /var/www/html/r3dp.biz/public_html/wp-content/plugins/threed-vc-addons/vc-extensions/threed_custom_title_frontend.php:122
Stack trace:
#0 /var/www/html/r3dp.biz/public_html/wp-includes/shortcodes.php(319): threed_custom_title_function(Array, '', 'threed_custom_t...')
#1 [internal function]: do_shortcode_tag(Array)
#2 /var/www/html/r3dp.biz/public_html/wp-includes/shortcodes.php(197): preg_replace_callback('/\\[(\\[?)(threed...', 'do_shortcode_ta...', '[threed_custom_...')
#3 /var/www/html/r3dp.biz/public_html/wp-content/plugins/js-composer/include/helpers/helpers.php(236): do_shortcode('[threed_custom_...')
#4 /var/www/html/r3dp.biz/public_html/wp-content/plugins/js-composer/include/templates/shortcodes/vc_column.php(94): wpb_js_remove_wpautop('[threed_custom_...')
#5 /var/www/html/r3dp.biz/public_html/wp-content/plugins/js-composer/include/classes/shortcodes/shortcodes.php(478): include('/var/www/html/r...')
#6 /var/www/html/r3dp.biz/public_ht in /var/www/html/r3dp.biz/public_html/wp-content/plugins/threed-vc-addons/vc-extensions/threed_custom_title_frontend.php on line 122

2018-12-02T15:26:06+00:00 CRITICAL Uncaught Error: Call to undefined function threed_word_limit() in /var/www/html/r3dp.biz/public_html/wp-content/plugins/threed-vc-addons/vc-extensions/threed_custom_title_frontend.php:122
Stack trace:
#0 /var/www/html/r3dp.biz/public_html/wp-includes/shortcodes.php(319): threed_custom_title_function(Array, '', 'threed_custom_t...')
#1 [internal function]: do_shortcode_tag(Array)
#2 /var/www/html/r3dp.biz/public_html/wp-includes/shortcodes.php(197): preg_replace_callback('/\\[(\\[?)(threed...', 'do_shortcode_ta...', '[threed_custom_...')
#3 /var/www/html/r3dp.biz/public_html/wp-content/plugins/js-composer/include/helpers/helpers.php(236): do_shortcode('[threed_custom_...')
#4 /var/www/html/r3dp.biz/public_html/wp-content/plugins/js-composer/include/templates/shortcodes/vc_column.php(94): wpb_js_remove_wpautop('[threed_custom_...')
#5 /var/www/html/r3dp.biz/public_html/wp-content/plugins/js-composer/include/classes/shortcodes/shortcodes.php(478): include('/var/www/html/r...')
#6 /var/www/html/r3dp.biz/public_ht in /var/www/html/r3dp.biz/public_html/wp-content/plugins/threed-vc-addons/vc-extensions/threed_custom_title_frontend.php on line 122

