2018-12-01T01:39:21+00:00 CRITICAL Uncaught Error: Call to a member function delete() on null in /var/www/html/r3dp.biz/public_html/wp-content/plugins/slider-revolution-responsive-wordpress-plugin/includes/slider.class.php:1888
Stack trace:
#0 /var/www/html/r3dp.biz/public_html/wp-content/plugins/slider-revolution-responsive-wordpress-plugin/admin/revslider-admin.class.php(751): RevSliderSlider->importSliderFromPost('', 'none', false, false, false, '')
#1 /var/www/html/r3dp.biz/public_html/wp-content/plugins/slider-revolution-responsive-wordpress-plugin/admin/revslider-admin.class.php(1264): RevSliderAdmin::importSliderHandle('http://r3dp.biz...', '', 'none', '')
#2 /var/www/html/r3dp.biz/public_html/wp-includes/class-wp-hook.php(286): RevSliderAdmin::onAjaxAction('')
#3 /var/www/html/r3dp.biz/public_html/wp-includes/class-wp-hook.php(310): WP_Hook->apply_filters('', Array)
#4 /var/www/html/r3dp.biz/public_html/wp-includes/plugin.php(453): WP_Hook->do_action(Array)
#5 /var/www/html/r3dp.biz/public_html/wp-admin/admin-ajax.php(100): do_action(' in /var/www/html/r3dp.biz/public_html/wp-content/plugins/slider-revolution-responsive-wordpress-plugin/includes/slider.class.php on line 1888

2018-12-01T03:02:29+00:00 CRITICAL Uncaught Error: Call to a member function delete() on null in /var/www/html/r3dp.biz/public_html/wp-content/plugins/slider-revolution-responsive-wordpress-plugin/includes/slider.class.php:1888
Stack trace:
#0 /var/www/html/r3dp.biz/public_html/wp-content/plugins/slider-revolution-responsive-wordpress-plugin/admin/revslider-admin.class.php(751): RevSliderSlider->importSliderFromPost('true', 'none', false, false, false, 'true')
#1 /var/www/html/r3dp.biz/public_html/wp-content/plugins/slider-revolution-responsive-wordpress-plugin/admin/revslider-admin.class.php(1264): RevSliderAdmin::importSliderHandle('http://r3dp.biz...', 'true', 'none', 'true')
#2 /var/www/html/r3dp.biz/public_html/wp-includes/class-wp-hook.php(286): RevSliderAdmin::onAjaxAction('')
#3 /var/www/html/r3dp.biz/public_html/wp-includes/class-wp-hook.php(310): WP_Hook->apply_filters('', Array)
#4 /var/www/html/r3dp.biz/public_html/wp-includes/plugin.php(453): WP_Hook->do_action(Array)
#5 /var/www/html/r3dp.biz/public_html/wp-admin/admin-ajax.php(1 in /var/www/html/r3dp.biz/public_html/wp-content/plugins/slider-revolution-responsive-wordpress-plugin/includes/slider.class.php on line 1888

2018-12-01T03:08:56+00:00 CRITICAL Uncaught Error: Call to a member function delete() on null in /var/www/html/r3dp.biz/public_html/wp-content/plugins/slider-revolution-responsive-wordpress-plugin/includes/slider.class.php:1888
Stack trace:
#0 /var/www/html/r3dp.biz/public_html/wp-content/plugins/slider-revolution-responsive-wordpress-plugin/admin/revslider-admin.class.php(751): RevSliderSlider->importSliderFromPost('true', 'none', false, false, false, 'true')
#1 /var/www/html/r3dp.biz/public_html/wp-content/plugins/slider-revolution-responsive-wordpress-plugin/admin/revslider-admin.class.php(1264): RevSliderAdmin::importSliderHandle('http://r3dp.biz...', 'true', 'none', 'true')
#2 /var/www/html/r3dp.biz/public_html/wp-includes/class-wp-hook.php(286): RevSliderAdmin::onAjaxAction('')
#3 /var/www/html/r3dp.biz/public_html/wp-includes/class-wp-hook.php(310): WP_Hook->apply_filters('', Array)
#4 /var/www/html/r3dp.biz/public_html/wp-includes/plugin.php(453): WP_Hook->do_action(Array)
#5 /var/www/html/r3dp.biz/public_html/wp-admin/admin-ajax.php(1 in /var/www/html/r3dp.biz/public_html/wp-content/plugins/slider-revolution-responsive-wordpress-plugin/includes/slider.class.php on line 1888

2018-12-01T03:21:08+00:00 CRITICAL Uncaught Error: Call to a member function delete() on null in /var/www/html/r3dp.biz/public_html/wp-content/plugins/slider-revolution-responsive-wordpress-plugin/includes/slider.class.php:1888
Stack trace:
#0 /var/www/html/r3dp.biz/public_html/wp-content/plugins/slider-revolution-responsive-wordpress-plugin/admin/revslider-admin.class.php(751): RevSliderSlider->importSliderFromPost('true', 'none', false, false, false, 'true')
#1 /var/www/html/r3dp.biz/public_html/wp-content/plugins/slider-revolution-responsive-wordpress-plugin/admin/revslider-admin.class.php(1264): RevSliderAdmin::importSliderHandle('http://r3dp.biz...', 'true', 'none', 'true')
#2 /var/www/html/r3dp.biz/public_html/wp-includes/class-wp-hook.php(286): RevSliderAdmin::onAjaxAction('')
#3 /var/www/html/r3dp.biz/public_html/wp-includes/class-wp-hook.php(310): WP_Hook->apply_filters('', Array)
#4 /var/www/html/r3dp.biz/public_html/wp-includes/plugin.php(453): WP_Hook->do_action(Array)
#5 /var/www/html/r3dp.biz/public_html/wp-admin/admin-ajax.php(1 in /var/www/html/r3dp.biz/public_html/wp-content/plugins/slider-revolution-responsive-wordpress-plugin/includes/slider.class.php on line 1888

2018-12-01T03:37:57+00:00 CRITICAL Uncaught Error: Call to undefined function threed_word_limit() in /var/www/html/r3dp.biz/public_html/wp-content/plugins/threed-vc-addons/vc-extensions/threed_custom_title_frontend.php:122
Stack trace:
#0 /var/www/html/r3dp.biz/public_html/wp-includes/shortcodes.php(319): threed_custom_title_function(Array, '', 'threed_custom_t...')
#1 [internal function]: do_shortcode_tag(Array)
#2 /var/www/html/r3dp.biz/public_html/wp-includes/shortcodes.php(197): preg_replace_callback('/\\[(\\[?)(threed...', 'do_shortcode_ta...', '[threed_custom_...')
#3 /var/www/html/r3dp.biz/public_html/wp-content/plugins/js-composer/include/helpers/helpers.php(236): do_shortcode('[threed_custom_...')
#4 /var/www/html/r3dp.biz/public_html/wp-content/plugins/js-composer/include/templates/shortcodes/vc_column.php(94): wpb_js_remove_wpautop('[threed_custom_...')
#5 /var/www/html/r3dp.biz/public_html/wp-content/plugins/js-composer/include/classes/shortcodes/shortcodes.php(478): include('/var/www/html/r...')
#6 /var/www/html/r3dp.biz/public_ht in /var/www/html/r3dp.biz/public_html/wp-content/plugins/threed-vc-addons/vc-extensions/threed_custom_title_frontend.php on line 122

2018-12-01T03:38:02+00:00 CRITICAL Uncaught Error: Call to undefined function threed_word_limit() in /var/www/html/r3dp.biz/public_html/wp-content/plugins/threed-vc-addons/vc-extensions/threed_custom_title_frontend.php:122
Stack trace:
#0 /var/www/html/r3dp.biz/public_html/wp-includes/shortcodes.php(319): threed_custom_title_function(Array, '', 'threed_custom_t...')
#1 [internal function]: do_shortcode_tag(Array)
#2 /var/www/html/r3dp.biz/public_html/wp-includes/shortcodes.php(197): preg_replace_callback('/\\[(\\[?)(threed...', 'do_shortcode_ta...', '[threed_custom_...')
#3 /var/www/html/r3dp.biz/public_html/wp-content/plugins/js-composer/include/helpers/helpers.php(236): do_shortcode('[threed_custom_...')
#4 /var/www/html/r3dp.biz/public_html/wp-content/plugins/js-composer/include/templates/shortcodes/vc_column.php(94): wpb_js_remove_wpautop('[threed_custom_...')
#5 /var/www/html/r3dp.biz/public_html/wp-content/plugins/js-composer/include/classes/shortcodes/shortcodes.php(478): include('/var/www/html/r...')
#6 /var/www/html/r3dp.biz/public_ht in /var/www/html/r3dp.biz/public_html/wp-content/plugins/threed-vc-addons/vc-extensions/threed_custom_title_frontend.php on line 122

2018-12-01T03:38:40+00:00 CRITICAL Uncaught Error: Call to undefined function threed_word_limit() in /var/www/html/r3dp.biz/public_html/wp-content/plugins/threed-vc-addons/vc-extensions/threed_custom_title_frontend.php:122
Stack trace:
#0 /var/www/html/r3dp.biz/public_html/wp-includes/shortcodes.php(319): threed_custom_title_function(Array, '', 'threed_custom_t...')
#1 [internal function]: do_shortcode_tag(Array)
#2 /var/www/html/r3dp.biz/public_html/wp-includes/shortcodes.php(197): preg_replace_callback('/\\[(\\[?)(threed...', 'do_shortcode_ta...', '[threed_custom_...')
#3 /var/www/html/r3dp.biz/public_html/wp-content/plugins/js-composer/include/helpers/helpers.php(236): do_shortcode('[threed_custom_...')
#4 /var/www/html/r3dp.biz/public_html/wp-content/plugins/js-composer/include/templates/shortcodes/vc_column.php(94): wpb_js_remove_wpautop('[threed_custom_...')
#5 /var/www/html/r3dp.biz/public_html/wp-content/plugins/js-composer/include/classes/shortcodes/shortcodes.php(478): include('/var/www/html/r...')
#6 /var/www/html/r3dp.biz/public_ht in /var/www/html/r3dp.biz/public_html/wp-content/plugins/threed-vc-addons/vc-extensions/threed_custom_title_frontend.php on line 122

2018-12-01T03:39:00+00:00 CRITICAL Uncaught Error: Call to undefined function threed_word_limit() in /var/www/html/r3dp.biz/public_html/wp-content/plugins/threed-vc-addons/vc-extensions/threed_custom_title_frontend.php:122
Stack trace:
#0 /var/www/html/r3dp.biz/public_html/wp-includes/shortcodes.php(319): threed_custom_title_function(Array, '', 'threed_custom_t...')
#1 [internal function]: do_shortcode_tag(Array)
#2 /var/www/html/r3dp.biz/public_html/wp-includes/shortcodes.php(197): preg_replace_callback('/\\[(\\[?)(threed...', 'do_shortcode_ta...', '[threed_custom_...')
#3 /var/www/html/r3dp.biz/public_html/wp-content/plugins/js-composer/include/helpers/helpers.php(236): do_shortcode('[threed_custom_...')
#4 /var/www/html/r3dp.biz/public_html/wp-content/plugins/js-composer/include/templates/shortcodes/vc_column.php(94): wpb_js_remove_wpautop('[threed_custom_...')
#5 /var/www/html/r3dp.biz/public_html/wp-content/plugins/js-composer/include/classes/shortcodes/shortcodes.php(478): include('/var/www/html/r...')
#6 /var/www/html/r3dp.biz/public_ht in /var/www/html/r3dp.biz/public_html/wp-content/plugins/threed-vc-addons/vc-extensions/threed_custom_title_frontend.php on line 122

2018-12-01T03:39:13+00:00 CRITICAL Uncaught Error: Call to undefined function threed_word_limit() in /var/www/html/r3dp.biz/public_html/wp-content/plugins/threed-vc-addons/vc-extensions/threed_custom_title_frontend.php:122
Stack trace:
#0 /var/www/html/r3dp.biz/public_html/wp-includes/shortcodes.php(319): threed_custom_title_function(Array, '', 'threed_custom_t...')
#1 [internal function]: do_shortcode_tag(Array)
#2 /var/www/html/r3dp.biz/public_html/wp-includes/shortcodes.php(197): preg_replace_callback('/\\[(\\[?)(threed...', 'do_shortcode_ta...', '[threed_custom_...')
#3 /var/www/html/r3dp.biz/public_html/wp-content/plugins/js-composer/include/helpers/helpers.php(236): do_shortcode('[threed_custom_...')
#4 /var/www/html/r3dp.biz/public_html/wp-content/plugins/js-composer/include/templates/shortcodes/vc_column.php(94): wpb_js_remove_wpautop('[threed_custom_...')
#5 /var/www/html/r3dp.biz/public_html/wp-content/plugins/js-composer/include/classes/shortcodes/shortcodes.php(478): include('/var/www/html/r...')
#6 /var/www/html/r3dp.biz/public_ht in /var/www/html/r3dp.biz/public_html/wp-content/plugins/threed-vc-addons/vc-extensions/threed_custom_title_frontend.php on line 122

2018-12-01T04:01:50+00:00 CRITICAL Uncaught Error: Call to undefined function threed_word_limit() in /var/www/html/r3dp.biz/public_html/wp-content/plugins/threed-vc-addons/vc-extensions/threed_custom_title_frontend.php:122
Stack trace:
#0 /var/www/html/r3dp.biz/public_html/wp-includes/shortcodes.php(319): threed_custom_title_function(Array, '', 'threed_custom_t...')
#1 [internal function]: do_shortcode_tag(Array)
#2 /var/www/html/r3dp.biz/public_html/wp-includes/shortcodes.php(197): preg_replace_callback('/\\[(\\[?)(threed...', 'do_shortcode_ta...', '[threed_custom_...')
#3 /var/www/html/r3dp.biz/public_html/wp-content/plugins/js-composer/include/helpers/helpers.php(236): do_shortcode('[threed_custom_...')
#4 /var/www/html/r3dp.biz/public_html/wp-content/plugins/js-composer/include/templates/shortcodes/vc_column.php(94): wpb_js_remove_wpautop('[threed_custom_...')
#5 /var/www/html/r3dp.biz/public_html/wp-content/plugins/js-composer/include/classes/shortcodes/shortcodes.php(478): include('/var/www/html/r...')
#6 /var/www/html/r3dp.biz/public_ht in /var/www/html/r3dp.biz/public_html/wp-content/plugins/threed-vc-addons/vc-extensions/threed_custom_title_frontend.php on line 122

2018-12-01T04:08:19+00:00 CRITICAL Uncaught Error: Call to undefined function threed_word_limit() in /var/www/html/r3dp.biz/public_html/wp-content/plugins/threed-vc-addons/vc-extensions/threed_custom_title_frontend.php:122
Stack trace:
#0 /var/www/html/r3dp.biz/public_html/wp-includes/shortcodes.php(319): threed_custom_title_function(Array, '', 'threed_custom_t...')
#1 [internal function]: do_shortcode_tag(Array)
#2 /var/www/html/r3dp.biz/public_html/wp-includes/shortcodes.php(197): preg_replace_callback('/\\[(\\[?)(threed...', 'do_shortcode_ta...', '[threed_custom_...')
#3 /var/www/html/r3dp.biz/public_html/wp-content/plugins/js-composer/include/helpers/helpers.php(236): do_shortcode('[threed_custom_...')
#4 /var/www/html/r3dp.biz/public_html/wp-content/plugins/js-composer/include/templates/shortcodes/vc_column.php(94): wpb_js_remove_wpautop('[threed_custom_...')
#5 /var/www/html/r3dp.biz/public_html/wp-content/plugins/js-composer/include/classes/shortcodes/shortcodes.php(478): include('/var/www/html/r...')
#6 /var/www/html/r3dp.biz/public_ht in /var/www/html/r3dp.biz/public_html/wp-content/plugins/threed-vc-addons/vc-extensions/threed_custom_title_frontend.php on line 122

2018-12-01T04:20:41+00:00 CRITICAL Uncaught Error: Call to undefined function threed_word_limit() in /var/www/html/r3dp.biz/public_html/wp-content/plugins/threed-vc-addons/vc-extensions/threed_custom_title_frontend.php:122
Stack trace:
#0 /var/www/html/r3dp.biz/public_html/wp-includes/shortcodes.php(319): threed_custom_title_function(Array, '', 'threed_custom_t...')
#1 [internal function]: do_shortcode_tag(Array)
#2 /var/www/html/r3dp.biz/public_html/wp-includes/shortcodes.php(197): preg_replace_callback('/\\[(\\[?)(threed...', 'do_shortcode_ta...', '[threed_custom_...')
#3 /var/www/html/r3dp.biz/public_html/wp-content/plugins/js-composer/include/helpers/helpers.php(236): do_shortcode('[threed_custom_...')
#4 /var/www/html/r3dp.biz/public_html/wp-content/plugins/js-composer/include/templates/shortcodes/vc_column.php(94): wpb_js_remove_wpautop('[threed_custom_...')
#5 /var/www/html/r3dp.biz/public_html/wp-content/plugins/js-composer/include/classes/shortcodes/shortcodes.php(478): include('/var/www/html/r...')
#6 /var/www/html/r3dp.biz/public_ht in /var/www/html/r3dp.biz/public_html/wp-content/plugins/threed-vc-addons/vc-extensions/threed_custom_title_frontend.php on line 122

2018-12-01T05:18:28+00:00 CRITICAL Uncaught Error: Call to undefined function threed_word_limit() in /var/www/html/r3dp.biz/public_html/wp-content/plugins/threed-vc-addons/vc-extensions/threed_custom_title_frontend.php:122
Stack trace:
#0 /var/www/html/r3dp.biz/public_html/wp-includes/shortcodes.php(319): threed_custom_title_function(Array, '', 'threed_custom_t...')
#1 [internal function]: do_shortcode_tag(Array)
#2 /var/www/html/r3dp.biz/public_html/wp-includes/shortcodes.php(197): preg_replace_callback('/\\[(\\[?)(threed...', 'do_shortcode_ta...', '[threed_custom_...')
#3 /var/www/html/r3dp.biz/public_html/wp-content/plugins/js-composer/include/helpers/helpers.php(236): do_shortcode('[threed_custom_...')
#4 /var/www/html/r3dp.biz/public_html/wp-content/plugins/js-composer/include/templates/shortcodes/vc_column.php(94): wpb_js_remove_wpautop('[threed_custom_...')
#5 /var/www/html/r3dp.biz/public_html/wp-content/plugins/js-composer/include/classes/shortcodes/shortcodes.php(478): include('/var/www/html/r...')
#6 /var/www/html/r3dp.biz/public_ht in /var/www/html/r3dp.biz/public_html/wp-content/plugins/threed-vc-addons/vc-extensions/threed_custom_title_frontend.php on line 122

2018-12-01T05:22:01+00:00 CRITICAL Uncaught Error: Call to undefined function threed_word_limit() in /var/www/html/r3dp.biz/public_html/wp-content/plugins/threed-vc-addons/vc-extensions/threed_custom_title_frontend.php:122
Stack trace:
#0 /var/www/html/r3dp.biz/public_html/wp-includes/shortcodes.php(319): threed_custom_title_function(Array, '', 'threed_custom_t...')
#1 [internal function]: do_shortcode_tag(Array)
#2 /var/www/html/r3dp.biz/public_html/wp-includes/shortcodes.php(197): preg_replace_callback('/\\[(\\[?)(threed...', 'do_shortcode_ta...', '[threed_custom_...')
#3 /var/www/html/r3dp.biz/public_html/wp-content/plugins/js-composer/include/helpers/helpers.php(236): do_shortcode('[threed_custom_...')
#4 /var/www/html/r3dp.biz/public_html/wp-content/plugins/js-composer/include/templates/shortcodes/vc_column.php(94): wpb_js_remove_wpautop('[threed_custom_...')
#5 /var/www/html/r3dp.biz/public_html/wp-content/plugins/js-composer/include/classes/shortcodes/shortcodes.php(478): include('/var/www/html/r...')
#6 /var/www/html/r3dp.biz/public_ht in /var/www/html/r3dp.biz/public_html/wp-content/plugins/threed-vc-addons/vc-extensions/threed_custom_title_frontend.php on line 122

2018-12-01T05:22:01+00:00 CRITICAL Uncaught Error: Call to undefined function threed_word_limit() in /var/www/html/r3dp.biz/public_html/wp-content/plugins/threed-vc-addons/vc-extensions/threed_custom_title_frontend.php:122
Stack trace:
#0 /var/www/html/r3dp.biz/public_html/wp-includes/shortcodes.php(319): threed_custom_title_function(Array, '', 'threed_custom_t...')
#1 [internal function]: do_shortcode_tag(Array)
#2 /var/www/html/r3dp.biz/public_html/wp-includes/shortcodes.php(197): preg_replace_callback('/\\[(\\[?)(threed...', 'do_shortcode_ta...', '[threed_custom_...')
#3 /var/www/html/r3dp.biz/public_html/wp-content/plugins/js-composer/include/helpers/helpers.php(236): do_shortcode('[threed_custom_...')
#4 /var/www/html/r3dp.biz/public_html/wp-content/plugins/js-composer/include/templates/shortcodes/vc_column.php(94): wpb_js_remove_wpautop('[threed_custom_...')
#5 /var/www/html/r3dp.biz/public_html/wp-content/plugins/js-composer/include/classes/shortcodes/shortcodes.php(478): include('/var/www/html/r...')
#6 /var/www/html/r3dp.biz/public_ht in /var/www/html/r3dp.biz/public_html/wp-content/plugins/threed-vc-addons/vc-extensions/threed_custom_title_frontend.php on line 122

2018-12-01T07:49:03+00:00 CRITICAL Uncaught Error: Call to undefined function threed_word_limit() in /var/www/html/r3dp.biz/public_html/wp-content/plugins/threed-vc-addons/vc-extensions/threed_custom_title_frontend.php:122
Stack trace:
#0 /var/www/html/r3dp.biz/public_html/wp-includes/shortcodes.php(319): threed_custom_title_function(Array, '', 'threed_custom_t...')
#1 [internal function]: do_shortcode_tag(Array)
#2 /var/www/html/r3dp.biz/public_html/wp-includes/shortcodes.php(197): preg_replace_callback('/\\[(\\[?)(threed...', 'do_shortcode_ta...', '[threed_custom_...')
#3 /var/www/html/r3dp.biz/public_html/wp-content/plugins/js-composer/include/helpers/helpers.php(236): do_shortcode('[threed_custom_...')
#4 /var/www/html/r3dp.biz/public_html/wp-content/plugins/js-composer/include/templates/shortcodes/vc_column.php(94): wpb_js_remove_wpautop('[threed_custom_...')
#5 /var/www/html/r3dp.biz/public_html/wp-content/plugins/js-composer/include/classes/shortcodes/shortcodes.php(478): include('/var/www/html/r...')
#6 /var/www/html/r3dp.biz/public_ht in /var/www/html/r3dp.biz/public_html/wp-content/plugins/threed-vc-addons/vc-extensions/threed_custom_title_frontend.php on line 122

2018-12-01T08:00:10+00:00 CRITICAL Uncaught Error: Call to undefined function threed_word_limit() in /var/www/html/r3dp.biz/public_html/wp-content/plugins/threed-vc-addons/vc-extensions/threed_custom_title_frontend.php:122
Stack trace:
#0 /var/www/html/r3dp.biz/public_html/wp-includes/shortcodes.php(319): threed_custom_title_function(Array, '', 'threed_custom_t...')
#1 [internal function]: do_shortcode_tag(Array)
#2 /var/www/html/r3dp.biz/public_html/wp-includes/shortcodes.php(197): preg_replace_callback('/\\[(\\[?)(threed...', 'do_shortcode_ta...', '[threed_custom_...')
#3 /var/www/html/r3dp.biz/public_html/wp-content/plugins/js-composer/include/helpers/helpers.php(236): do_shortcode('[threed_custom_...')
#4 /var/www/html/r3dp.biz/public_html/wp-content/plugins/js-composer/include/templates/shortcodes/vc_column.php(94): wpb_js_remove_wpautop('[threed_custom_...')
#5 /var/www/html/r3dp.biz/public_html/wp-content/plugins/js-composer/include/classes/shortcodes/shortcodes.php(478): include('/var/www/html/r...')
#6 /var/www/html/r3dp.biz/public_ht in /var/www/html/r3dp.biz/public_html/wp-content/plugins/threed-vc-addons/vc-extensions/threed_custom_title_frontend.php on line 122

2018-12-01T08:21:20+00:00 CRITICAL Uncaught Error: Call to undefined function threed_word_limit() in /var/www/html/r3dp.biz/public_html/wp-content/plugins/threed-vc-addons/vc-extensions/threed_custom_title_frontend.php:122
Stack trace:
#0 /var/www/html/r3dp.biz/public_html/wp-includes/shortcodes.php(319): threed_custom_title_function(Array, '', 'threed_custom_t...')
#1 [internal function]: do_shortcode_tag(Array)
#2 /var/www/html/r3dp.biz/public_html/wp-includes/shortcodes.php(197): preg_replace_callback('/\\[(\\[?)(threed...', 'do_shortcode_ta...', '[threed_custom_...')
#3 /var/www/html/r3dp.biz/public_html/wp-content/plugins/js-composer/include/helpers/helpers.php(236): do_shortcode('[threed_custom_...')
#4 /var/www/html/r3dp.biz/public_html/wp-content/plugins/js-composer/include/templates/shortcodes/vc_column.php(94): wpb_js_remove_wpautop('[threed_custom_...')
#5 /var/www/html/r3dp.biz/public_html/wp-content/plugins/js-composer/include/classes/shortcodes/shortcodes.php(478): include('/var/www/html/r...')
#6 /var/www/html/r3dp.biz/public_ht in /var/www/html/r3dp.biz/public_html/wp-content/plugins/threed-vc-addons/vc-extensions/threed_custom_title_frontend.php on line 122

2018-12-01T09:11:12+00:00 CRITICAL Uncaught Error: Call to undefined function threed_word_limit() in /var/www/html/r3dp.biz/public_html/wp-content/plugins/threed-vc-addons/vc-extensions/threed_custom_title_frontend.php:122
Stack trace:
#0 /var/www/html/r3dp.biz/public_html/wp-includes/shortcodes.php(319): threed_custom_title_function(Array, '', 'threed_custom_t...')
#1 [internal function]: do_shortcode_tag(Array)
#2 /var/www/html/r3dp.biz/public_html/wp-includes/shortcodes.php(197): preg_replace_callback('/\\[(\\[?)(threed...', 'do_shortcode_ta...', '[threed_custom_...')
#3 /var/www/html/r3dp.biz/public_html/wp-content/plugins/js-composer/include/helpers/helpers.php(236): do_shortcode('[threed_custom_...')
#4 /var/www/html/r3dp.biz/public_html/wp-content/plugins/js-composer/include/templates/shortcodes/vc_column.php(94): wpb_js_remove_wpautop('[threed_custom_...')
#5 /var/www/html/r3dp.biz/public_html/wp-content/plugins/js-composer/include/classes/shortcodes/shortcodes.php(478): include('/var/www/html/r...')
#6 /var/www/html/r3dp.biz/public_ht in /var/www/html/r3dp.biz/public_html/wp-content/plugins/threed-vc-addons/vc-extensions/threed_custom_title_frontend.php on line 122

2018-12-01T11:03:23+00:00 CRITICAL Uncaught Error: Call to undefined function threed_word_limit() in /var/www/html/r3dp.biz/public_html/wp-content/plugins/threed-vc-addons/vc-extensions/threed_custom_title_frontend.php:122
Stack trace:
#0 /var/www/html/r3dp.biz/public_html/wp-includes/shortcodes.php(319): threed_custom_title_function(Array, '', 'threed_custom_t...')
#1 [internal function]: do_shortcode_tag(Array)
#2 /var/www/html/r3dp.biz/public_html/wp-includes/shortcodes.php(197): preg_replace_callback('/\\[(\\[?)(threed...', 'do_shortcode_ta...', '[threed_custom_...')
#3 /var/www/html/r3dp.biz/public_html/wp-content/plugins/js-composer/include/helpers/helpers.php(236): do_shortcode('[threed_custom_...')
#4 /var/www/html/r3dp.biz/public_html/wp-content/plugins/js-composer/include/templates/shortcodes/vc_column.php(94): wpb_js_remove_wpautop('[threed_custom_...')
#5 /var/www/html/r3dp.biz/public_html/wp-content/plugins/js-composer/include/classes/shortcodes/shortcodes.php(478): include('/var/www/html/r...')
#6 /var/www/html/r3dp.biz/public_ht in /var/www/html/r3dp.biz/public_html/wp-content/plugins/threed-vc-addons/vc-extensions/threed_custom_title_frontend.php on line 122

2018-12-01T12:54:02+00:00 CRITICAL Uncaught Error: Call to undefined function threed_word_limit() in /var/www/html/r3dp.biz/public_html/wp-content/plugins/threed-vc-addons/vc-extensions/threed_custom_title_frontend.php:122
Stack trace:
#0 /var/www/html/r3dp.biz/public_html/wp-includes/shortcodes.php(319): threed_custom_title_function(Array, '', 'threed_custom_t...')
#1 [internal function]: do_shortcode_tag(Array)
#2 /var/www/html/r3dp.biz/public_html/wp-includes/shortcodes.php(197): preg_replace_callback('/\\[(\\[?)(threed...', 'do_shortcode_ta...', '[threed_custom_...')
#3 /var/www/html/r3dp.biz/public_html/wp-content/plugins/js-composer/include/helpers/helpers.php(236): do_shortcode('[threed_custom_...')
#4 /var/www/html/r3dp.biz/public_html/wp-content/plugins/js-composer/include/templates/shortcodes/vc_column.php(94): wpb_js_remove_wpautop('[threed_custom_...')
#5 /var/www/html/r3dp.biz/public_html/wp-content/plugins/js-composer/include/classes/shortcodes/shortcodes.php(478): include('/var/www/html/r...')
#6 /var/www/html/r3dp.biz/public_ht in /var/www/html/r3dp.biz/public_html/wp-content/plugins/threed-vc-addons/vc-extensions/threed_custom_title_frontend.php on line 122

2018-12-01T12:54:45+00:00 CRITICAL Uncaught Error: Call to undefined function threed_word_limit() in /var/www/html/r3dp.biz/public_html/wp-content/plugins/threed-vc-addons/vc-extensions/threed_custom_title_frontend.php:122
Stack trace:
#0 /var/www/html/r3dp.biz/public_html/wp-includes/shortcodes.php(319): threed_custom_title_function(Array, '', 'threed_custom_t...')
#1 [internal function]: do_shortcode_tag(Array)
#2 /var/www/html/r3dp.biz/public_html/wp-includes/shortcodes.php(197): preg_replace_callback('/\\[(\\[?)(threed...', 'do_shortcode_ta...', '[threed_custom_...')
#3 /var/www/html/r3dp.biz/public_html/wp-content/plugins/js-composer/include/helpers/helpers.php(236): do_shortcode('[threed_custom_...')
#4 /var/www/html/r3dp.biz/public_html/wp-content/plugins/js-composer/include/templates/shortcodes/vc_column.php(94): wpb_js_remove_wpautop('[threed_custom_...')
#5 /var/www/html/r3dp.biz/public_html/wp-content/plugins/js-composer/include/classes/shortcodes/shortcodes.php(478): include('/var/www/html/r...')
#6 /var/www/html/r3dp.biz/public_ht in /var/www/html/r3dp.biz/public_html/wp-content/plugins/threed-vc-addons/vc-extensions/threed_custom_title_frontend.php on line 122

2018-12-01T13:25:36+00:00 CRITICAL Uncaught Error: Call to undefined function threed_word_limit() in /var/www/html/r3dp.biz/public_html/wp-content/plugins/threed-vc-addons/vc-extensions/threed_custom_title_frontend.php:122
Stack trace:
#0 /var/www/html/r3dp.biz/public_html/wp-includes/shortcodes.php(319): threed_custom_title_function(Array, '', 'threed_custom_t...')
#1 [internal function]: do_shortcode_tag(Array)
#2 /var/www/html/r3dp.biz/public_html/wp-includes/shortcodes.php(197): preg_replace_callback('/\\[(\\[?)(threed...', 'do_shortcode_ta...', '[threed_custom_...')
#3 /var/www/html/r3dp.biz/public_html/wp-content/plugins/js-composer/include/helpers/helpers.php(236): do_shortcode('[threed_custom_...')
#4 /var/www/html/r3dp.biz/public_html/wp-content/plugins/js-composer/include/templates/shortcodes/vc_column.php(94): wpb_js_remove_wpautop('[threed_custom_...')
#5 /var/www/html/r3dp.biz/public_html/wp-content/plugins/js-composer/include/classes/shortcodes/shortcodes.php(478): include('/var/www/html/r...')
#6 /var/www/html/r3dp.biz/public_ht in /var/www/html/r3dp.biz/public_html/wp-content/plugins/threed-vc-addons/vc-extensions/threed_custom_title_frontend.php on line 122

2018-12-01T13:32:21+00:00 CRITICAL Uncaught Error: Call to undefined function threed_word_limit() in /var/www/html/r3dp.biz/public_html/wp-content/plugins/threed-vc-addons/vc-extensions/threed_custom_title_frontend.php:122
Stack trace:
#0 /var/www/html/r3dp.biz/public_html/wp-includes/shortcodes.php(319): threed_custom_title_function(Array, '', 'threed_custom_t...')
#1 [internal function]: do_shortcode_tag(Array)
#2 /var/www/html/r3dp.biz/public_html/wp-includes/shortcodes.php(197): preg_replace_callback('/\\[(\\[?)(threed...', 'do_shortcode_ta...', '[threed_custom_...')
#3 /var/www/html/r3dp.biz/public_html/wp-content/plugins/js-composer/include/helpers/helpers.php(236): do_shortcode('[threed_custom_...')
#4 /var/www/html/r3dp.biz/public_html/wp-content/plugins/js-composer/include/templates/shortcodes/vc_column.php(94): wpb_js_remove_wpautop('[threed_custom_...')
#5 /var/www/html/r3dp.biz/public_html/wp-content/plugins/js-composer/include/classes/shortcodes/shortcodes.php(478): include('/var/www/html/r...')
#6 /var/www/html/r3dp.biz/public_ht in /var/www/html/r3dp.biz/public_html/wp-content/plugins/threed-vc-addons/vc-extensions/threed_custom_title_frontend.php on line 122

2018-12-01T13:52:40+00:00 CRITICAL Uncaught Error: Call to undefined function threed_word_limit() in /var/www/html/r3dp.biz/public_html/wp-content/plugins/threed-vc-addons/vc-extensions/threed_custom_title_frontend.php:122
Stack trace:
#0 /var/www/html/r3dp.biz/public_html/wp-includes/shortcodes.php(319): threed_custom_title_function(Array, '', 'threed_custom_t...')
#1 [internal function]: do_shortcode_tag(Array)
#2 /var/www/html/r3dp.biz/public_html/wp-includes/shortcodes.php(197): preg_replace_callback('/\\[(\\[?)(threed...', 'do_shortcode_ta...', '[threed_custom_...')
#3 /var/www/html/r3dp.biz/public_html/wp-content/plugins/js-composer/include/helpers/helpers.php(236): do_shortcode('[threed_custom_...')
#4 /var/www/html/r3dp.biz/public_html/wp-content/plugins/js-composer/include/templates/shortcodes/vc_column.php(94): wpb_js_remove_wpautop('[threed_custom_...')
#5 /var/www/html/r3dp.biz/public_html/wp-content/plugins/js-composer/include/classes/shortcodes/shortcodes.php(478): include('/var/www/html/r...')
#6 /var/www/html/r3dp.biz/public_ht in /var/www/html/r3dp.biz/public_html/wp-content/plugins/threed-vc-addons/vc-extensions/threed_custom_title_frontend.php on line 122

2018-12-01T14:11:55+00:00 CRITICAL Uncaught Error: Call to undefined function threed_word_limit() in /var/www/html/r3dp.biz/public_html/wp-content/plugins/threed-vc-addons/vc-extensions/threed_custom_title_frontend.php:122
Stack trace:
#0 /var/www/html/r3dp.biz/public_html/wp-includes/shortcodes.php(319): threed_custom_title_function(Array, '', 'threed_custom_t...')
#1 [internal function]: do_shortcode_tag(Array)
#2 /var/www/html/r3dp.biz/public_html/wp-includes/shortcodes.php(197): preg_replace_callback('/\\[(\\[?)(threed...', 'do_shortcode_ta...', '[threed_custom_...')
#3 /var/www/html/r3dp.biz/public_html/wp-content/plugins/js-composer/include/helpers/helpers.php(236): do_shortcode('[threed_custom_...')
#4 /var/www/html/r3dp.biz/public_html/wp-content/plugins/js-composer/include/templates/shortcodes/vc_column.php(94): wpb_js_remove_wpautop('[threed_custom_...')
#5 /var/www/html/r3dp.biz/public_html/wp-content/plugins/js-composer/include/classes/shortcodes/shortcodes.php(478): include('/var/www/html/r...')
#6 /var/www/html/r3dp.biz/public_ht in /var/www/html/r3dp.biz/public_html/wp-content/plugins/threed-vc-addons/vc-extensions/threed_custom_title_frontend.php on line 122

2018-12-01T14:17:38+00:00 CRITICAL Uncaught Error: Call to undefined function threed_word_limit() in /var/www/html/r3dp.biz/public_html/wp-content/plugins/threed-vc-addons/vc-extensions/threed_custom_title_frontend.php:122
Stack trace:
#0 /var/www/html/r3dp.biz/public_html/wp-includes/shortcodes.php(319): threed_custom_title_function(Array, '', 'threed_custom_t...')
#1 [internal function]: do_shortcode_tag(Array)
#2 /var/www/html/r3dp.biz/public_html/wp-includes/shortcodes.php(197): preg_replace_callback('/\\[(\\[?)(threed...', 'do_shortcode_ta...', '[threed_custom_...')
#3 /var/www/html/r3dp.biz/public_html/wp-content/plugins/js-composer/include/helpers/helpers.php(236): do_shortcode('[threed_custom_...')
#4 /var/www/html/r3dp.biz/public_html/wp-content/plugins/js-composer/include/templates/shortcodes/vc_column.php(94): wpb_js_remove_wpautop('[threed_custom_...')
#5 /var/www/html/r3dp.biz/public_html/wp-content/plugins/js-composer/include/classes/shortcodes/shortcodes.php(478): include('/var/www/html/r...')
#6 /var/www/html/r3dp.biz/public_ht in /var/www/html/r3dp.biz/public_html/wp-content/plugins/threed-vc-addons/vc-extensions/threed_custom_title_frontend.php on line 122

2018-12-01T14:52:37+00:00 CRITICAL Uncaught Error: Call to undefined function threed_word_limit() in /var/www/html/r3dp.biz/public_html/wp-content/plugins/threed-vc-addons/vc-extensions/threed_custom_title_frontend.php:122
Stack trace:
#0 /var/www/html/r3dp.biz/public_html/wp-includes/shortcodes.php(319): threed_custom_title_function(Array, '', 'threed_custom_t...')
#1 [internal function]: do_shortcode_tag(Array)
#2 /var/www/html/r3dp.biz/public_html/wp-includes/shortcodes.php(197): preg_replace_callback('/\\[(\\[?)(threed...', 'do_shortcode_ta...', '[threed_custom_...')
#3 /var/www/html/r3dp.biz/public_html/wp-content/plugins/js-composer/include/helpers/helpers.php(236): do_shortcode('[threed_custom_...')
#4 /var/www/html/r3dp.biz/public_html/wp-content/plugins/js-composer/include/templates/shortcodes/vc_column.php(94): wpb_js_remove_wpautop('[threed_custom_...')
#5 /var/www/html/r3dp.biz/public_html/wp-content/plugins/js-composer/include/classes/shortcodes/shortcodes.php(478): include('/var/www/html/r...')
#6 /var/www/html/r3dp.biz/public_ht in /var/www/html/r3dp.biz/public_html/wp-content/plugins/threed-vc-addons/vc-extensions/threed_custom_title_frontend.php on line 122

2018-12-01T15:24:32+00:00 CRITICAL Uncaught Error: Call to undefined function threed_word_limit() in /var/www/html/r3dp.biz/public_html/wp-content/plugins/threed-vc-addons/vc-extensions/threed_custom_title_frontend.php:122
Stack trace:
#0 /var/www/html/r3dp.biz/public_html/wp-includes/shortcodes.php(319): threed_custom_title_function(Array, '', 'threed_custom_t...')
#1 [internal function]: do_shortcode_tag(Array)
#2 /var/www/html/r3dp.biz/public_html/wp-includes/shortcodes.php(197): preg_replace_callback('/\\[(\\[?)(threed...', 'do_shortcode_ta...', '[threed_custom_...')
#3 /var/www/html/r3dp.biz/public_html/wp-content/plugins/js-composer/include/helpers/helpers.php(236): do_shortcode('[threed_custom_...')
#4 /var/www/html/r3dp.biz/public_html/wp-content/plugins/js-composer/include/templates/shortcodes/vc_column.php(94): wpb_js_remove_wpautop('[threed_custom_...')
#5 /var/www/html/r3dp.biz/public_html/wp-content/plugins/js-composer/include/classes/shortcodes/shortcodes.php(478): include('/var/www/html/r...')
#6 /var/www/html/r3dp.biz/public_ht in /var/www/html/r3dp.biz/public_html/wp-content/plugins/threed-vc-addons/vc-extensions/threed_custom_title_frontend.php on line 122

2018-12-01T16:15:13+00:00 CRITICAL Uncaught Error: Call to undefined function threed_word_limit() in /var/www/html/r3dp.biz/public_html/wp-content/plugins/threed-vc-addons/vc-extensions/threed_custom_title_frontend.php:122
Stack trace:
#0 /var/www/html/r3dp.biz/public_html/wp-includes/shortcodes.php(319): threed_custom_title_function(Array, '', 'threed_custom_t...')
#1 [internal function]: do_shortcode_tag(Array)
#2 /var/www/html/r3dp.biz/public_html/wp-includes/shortcodes.php(197): preg_replace_callback('/\\[(\\[?)(threed...', 'do_shortcode_ta...', '[threed_custom_...')
#3 /var/www/html/r3dp.biz/public_html/wp-content/plugins/js-composer/include/helpers/helpers.php(236): do_shortcode('[threed_custom_...')
#4 /var/www/html/r3dp.biz/public_html/wp-content/plugins/js-composer/include/templates/shortcodes/vc_column.php(94): wpb_js_remove_wpautop('[threed_custom_...')
#5 /var/www/html/r3dp.biz/public_html/wp-content/plugins/js-composer/include/classes/shortcodes/shortcodes.php(478): include('/var/www/html/r...')
#6 /var/www/html/r3dp.biz/public_ht in /var/www/html/r3dp.biz/public_html/wp-content/plugins/threed-vc-addons/vc-extensions/threed_custom_title_frontend.php on line 122

2018-12-01T16:19:26+00:00 CRITICAL Uncaught Error: Call to undefined function threed_word_limit() in /var/www/html/r3dp.biz/public_html/wp-content/plugins/threed-vc-addons/vc-extensions/threed_custom_title_frontend.php:122
Stack trace:
#0 /var/www/html/r3dp.biz/public_html/wp-includes/shortcodes.php(319): threed_custom_title_function(Array, '', 'threed_custom_t...')
#1 [internal function]: do_shortcode_tag(Array)
#2 /var/www/html/r3dp.biz/public_html/wp-includes/shortcodes.php(197): preg_replace_callback('/\\[(\\[?)(threed...', 'do_shortcode_ta...', '[threed_custom_...')
#3 /var/www/html/r3dp.biz/public_html/wp-content/plugins/js-composer/include/helpers/helpers.php(236): do_shortcode('[threed_custom_...')
#4 /var/www/html/r3dp.biz/public_html/wp-content/plugins/js-composer/include/templates/shortcodes/vc_column.php(94): wpb_js_remove_wpautop('[threed_custom_...')
#5 /var/www/html/r3dp.biz/public_html/wp-content/plugins/js-composer/include/classes/shortcodes/shortcodes.php(478): include('/var/www/html/r...')
#6 /var/www/html/r3dp.biz/public_ht in /var/www/html/r3dp.biz/public_html/wp-content/plugins/threed-vc-addons/vc-extensions/threed_custom_title_frontend.php on line 122

2018-12-01T16:19:27+00:00 CRITICAL Uncaught Error: Call to undefined function threed_word_limit() in /var/www/html/r3dp.biz/public_html/wp-content/plugins/threed-vc-addons/vc-extensions/threed_custom_title_frontend.php:122
Stack trace:
#0 /var/www/html/r3dp.biz/public_html/wp-includes/shortcodes.php(319): threed_custom_title_function(Array, '', 'threed_custom_t...')
#1 [internal function]: do_shortcode_tag(Array)
#2 /var/www/html/r3dp.biz/public_html/wp-includes/shortcodes.php(197): preg_replace_callback('/\\[(\\[?)(threed...', 'do_shortcode_ta...', '[threed_custom_...')
#3 /var/www/html/r3dp.biz/public_html/wp-content/plugins/js-composer/include/helpers/helpers.php(236): do_shortcode('[threed_custom_...')
#4 /var/www/html/r3dp.biz/public_html/wp-content/plugins/js-composer/include/templates/shortcodes/vc_column.php(94): wpb_js_remove_wpautop('[threed_custom_...')
#5 /var/www/html/r3dp.biz/public_html/wp-content/plugins/js-composer/include/classes/shortcodes/shortcodes.php(478): include('/var/www/html/r...')
#6 /var/www/html/r3dp.biz/public_ht in /var/www/html/r3dp.biz/public_html/wp-content/plugins/threed-vc-addons/vc-extensions/threed_custom_title_frontend.php on line 122

2018-12-01T16:19:29+00:00 CRITICAL Uncaught Error: Call to undefined function threed_word_limit() in /var/www/html/r3dp.biz/public_html/wp-content/plugins/threed-vc-addons/vc-extensions/threed_custom_title_frontend.php:122
Stack trace:
#0 /var/www/html/r3dp.biz/public_html/wp-includes/shortcodes.php(319): threed_custom_title_function(Array, '', 'threed_custom_t...')
#1 [internal function]: do_shortcode_tag(Array)
#2 /var/www/html/r3dp.biz/public_html/wp-includes/shortcodes.php(197): preg_replace_callback('/\\[(\\[?)(threed...', 'do_shortcode_ta...', '[threed_custom_...')
#3 /var/www/html/r3dp.biz/public_html/wp-content/plugins/js-composer/include/helpers/helpers.php(236): do_shortcode('[threed_custom_...')
#4 /var/www/html/r3dp.biz/public_html/wp-content/plugins/js-composer/include/templates/shortcodes/vc_column.php(94): wpb_js_remove_wpautop('[threed_custom_...')
#5 /var/www/html/r3dp.biz/public_html/wp-content/plugins/js-composer/include/classes/shortcodes/shortcodes.php(478): include('/var/www/html/r...')
#6 /var/www/html/r3dp.biz/public_ht in /var/www/html/r3dp.biz/public_html/wp-content/plugins/threed-vc-addons/vc-extensions/threed_custom_title_frontend.php on line 122

2018-12-01T17:22:30+00:00 CRITICAL Uncaught Error: Call to undefined function threed_word_limit() in /var/www/html/r3dp.biz/public_html/wp-content/plugins/threed-vc-addons/vc-extensions/threed_custom_title_frontend.php:122
Stack trace:
#0 /var/www/html/r3dp.biz/public_html/wp-includes/shortcodes.php(319): threed_custom_title_function(Array, '', 'threed_custom_t...')
#1 [internal function]: do_shortcode_tag(Array)
#2 /var/www/html/r3dp.biz/public_html/wp-includes/shortcodes.php(197): preg_replace_callback('/\\[(\\[?)(threed...', 'do_shortcode_ta...', '[threed_custom_...')
#3 /var/www/html/r3dp.biz/public_html/wp-content/plugins/js-composer/include/helpers/helpers.php(236): do_shortcode('[threed_custom_...')
#4 /var/www/html/r3dp.biz/public_html/wp-content/plugins/js-composer/include/templates/shortcodes/vc_column.php(94): wpb_js_remove_wpautop('[threed_custom_...')
#5 /var/www/html/r3dp.biz/public_html/wp-content/plugins/js-composer/include/classes/shortcodes/shortcodes.php(478): include('/var/www/html/r...')
#6 /var/www/html/r3dp.biz/public_ht in /var/www/html/r3dp.biz/public_html/wp-content/plugins/threed-vc-addons/vc-extensions/threed_custom_title_frontend.php on line 122

2018-12-01T17:54:58+00:00 CRITICAL Uncaught Error: Call to undefined function threed_word_limit() in /var/www/html/r3dp.biz/public_html/wp-content/plugins/threed-vc-addons/vc-extensions/threed_custom_title_frontend.php:122
Stack trace:
#0 /var/www/html/r3dp.biz/public_html/wp-includes/shortcodes.php(319): threed_custom_title_function(Array, '', 'threed_custom_t...')
#1 [internal function]: do_shortcode_tag(Array)
#2 /var/www/html/r3dp.biz/public_html/wp-includes/shortcodes.php(197): preg_replace_callback('/\\[(\\[?)(threed...', 'do_shortcode_ta...', '[threed_custom_...')
#3 /var/www/html/r3dp.biz/public_html/wp-content/plugins/js-composer/include/helpers/helpers.php(236): do_shortcode('[threed_custom_...')
#4 /var/www/html/r3dp.biz/public_html/wp-content/plugins/js-composer/include/templates/shortcodes/vc_column.php(94): wpb_js_remove_wpautop('[threed_custom_...')
#5 /var/www/html/r3dp.biz/public_html/wp-content/plugins/js-composer/include/classes/shortcodes/shortcodes.php(478): include('/var/www/html/r...')
#6 /var/www/html/r3dp.biz/public_ht in /var/www/html/r3dp.biz/public_html/wp-content/plugins/threed-vc-addons/vc-extensions/threed_custom_title_frontend.php on line 122

2018-12-01T18:17:46+00:00 CRITICAL Uncaught Error: Call to undefined function threed_word_limit() in /var/www/html/r3dp.biz/public_html/wp-content/plugins/threed-vc-addons/vc-extensions/threed_custom_title_frontend.php:122
Stack trace:
#0 /var/www/html/r3dp.biz/public_html/wp-includes/shortcodes.php(319): threed_custom_title_function(Array, '', 'threed_custom_t...')
#1 [internal function]: do_shortcode_tag(Array)
#2 /var/www/html/r3dp.biz/public_html/wp-includes/shortcodes.php(197): preg_replace_callback('/\\[(\\[?)(threed...', 'do_shortcode_ta...', '[threed_custom_...')
#3 /var/www/html/r3dp.biz/public_html/wp-content/plugins/js-composer/include/helpers/helpers.php(236): do_shortcode('[threed_custom_...')
#4 /var/www/html/r3dp.biz/public_html/wp-content/plugins/js-composer/include/templates/shortcodes/vc_column.php(94): wpb_js_remove_wpautop('[threed_custom_...')
#5 /var/www/html/r3dp.biz/public_html/wp-content/plugins/js-composer/include/classes/shortcodes/shortcodes.php(478): include('/var/www/html/r...')
#6 /var/www/html/r3dp.biz/public_ht in /var/www/html/r3dp.biz/public_html/wp-content/plugins/threed-vc-addons/vc-extensions/threed_custom_title_frontend.php on line 122

2018-12-01T18:56:56+00:00 CRITICAL Uncaught Error: Call to undefined function threed_word_limit() in /var/www/html/r3dp.biz/public_html/wp-content/plugins/threed-vc-addons/vc-extensions/threed_custom_title_frontend.php:122
Stack trace:
#0 /var/www/html/r3dp.biz/public_html/wp-includes/shortcodes.php(319): threed_custom_title_function(Array, '', 'threed_custom_t...')
#1 [internal function]: do_shortcode_tag(Array)
#2 /var/www/html/r3dp.biz/public_html/wp-includes/shortcodes.php(197): preg_replace_callback('/\\[(\\[?)(threed...', 'do_shortcode_ta...', '[threed_custom_...')
#3 /var/www/html/r3dp.biz/public_html/wp-content/plugins/js-composer/include/helpers/helpers.php(236): do_shortcode('[threed_custom_...')
#4 /var/www/html/r3dp.biz/public_html/wp-content/plugins/js-composer/include/templates/shortcodes/vc_column.php(94): wpb_js_remove_wpautop('[threed_custom_...')
#5 /var/www/html/r3dp.biz/public_html/wp-content/plugins/js-composer/include/classes/shortcodes/shortcodes.php(478): include('/var/www/html/r...')
#6 /var/www/html/r3dp.biz/public_ht in /var/www/html/r3dp.biz/public_html/wp-content/plugins/threed-vc-addons/vc-extensions/threed_custom_title_frontend.php on line 122

2018-12-01T20:46:44+00:00 CRITICAL Uncaught Error: Call to undefined function threed_word_limit() in /var/www/html/r3dp.biz/public_html/wp-content/plugins/threed-vc-addons/vc-extensions/threed_custom_title_frontend.php:122
Stack trace:
#0 /var/www/html/r3dp.biz/public_html/wp-includes/shortcodes.php(319): threed_custom_title_function(Array, '', 'threed_custom_t...')
#1 [internal function]: do_shortcode_tag(Array)
#2 /var/www/html/r3dp.biz/public_html/wp-includes/shortcodes.php(197): preg_replace_callback('/\\[(\\[?)(threed...', 'do_shortcode_ta...', '[threed_custom_...')
#3 /var/www/html/r3dp.biz/public_html/wp-content/plugins/js-composer/include/helpers/helpers.php(236): do_shortcode('[threed_custom_...')
#4 /var/www/html/r3dp.biz/public_html/wp-content/plugins/js-composer/include/templates/shortcodes/vc_column.php(94): wpb_js_remove_wpautop('[threed_custom_...')
#5 /var/www/html/r3dp.biz/public_html/wp-content/plugins/js-composer/include/classes/shortcodes/shortcodes.php(478): include('/var/www/html/r...')
#6 /var/www/html/r3dp.biz/public_ht in /var/www/html/r3dp.biz/public_html/wp-content/plugins/threed-vc-addons/vc-extensions/threed_custom_title_frontend.php on line 122

2018-12-01T20:46:48+00:00 CRITICAL Uncaught Error: Call to undefined function threed_word_limit() in /var/www/html/r3dp.biz/public_html/wp-content/plugins/threed-vc-addons/vc-extensions/threed_custom_title_frontend.php:122
Stack trace:
#0 /var/www/html/r3dp.biz/public_html/wp-includes/shortcodes.php(319): threed_custom_title_function(Array, '', 'threed_custom_t...')
#1 [internal function]: do_shortcode_tag(Array)
#2 /var/www/html/r3dp.biz/public_html/wp-includes/shortcodes.php(197): preg_replace_callback('/\\[(\\[?)(threed...', 'do_shortcode_ta...', '[threed_custom_...')
#3 /var/www/html/r3dp.biz/public_html/wp-content/plugins/js-composer/include/helpers/helpers.php(236): do_shortcode('[threed_custom_...')
#4 /var/www/html/r3dp.biz/public_html/wp-content/plugins/js-composer/include/templates/shortcodes/vc_column.php(94): wpb_js_remove_wpautop('[threed_custom_...')
#5 /var/www/html/r3dp.biz/public_html/wp-content/plugins/js-composer/include/classes/shortcodes/shortcodes.php(478): include('/var/www/html/r...')
#6 /var/www/html/r3dp.biz/public_ht in /var/www/html/r3dp.biz/public_html/wp-content/plugins/threed-vc-addons/vc-extensions/threed_custom_title_frontend.php on line 122

2018-12-01T22:12:09+00:00 CRITICAL Uncaught Error: Call to undefined function threed_word_limit() in /var/www/html/r3dp.biz/public_html/wp-content/plugins/threed-vc-addons/vc-extensions/threed_custom_title_frontend.php:122
Stack trace:
#0 /var/www/html/r3dp.biz/public_html/wp-includes/shortcodes.php(319): threed_custom_title_function(Array, '', 'threed_custom_t...')
#1 [internal function]: do_shortcode_tag(Array)
#2 /var/www/html/r3dp.biz/public_html/wp-includes/shortcodes.php(197): preg_replace_callback('/\\[(\\[?)(threed...', 'do_shortcode_ta...', '[threed_custom_...')
#3 /var/www/html/r3dp.biz/public_html/wp-content/plugins/js-composer/include/helpers/helpers.php(236): do_shortcode('[threed_custom_...')
#4 /var/www/html/r3dp.biz/public_html/wp-content/plugins/js-composer/include/templates/shortcodes/vc_column.php(94): wpb_js_remove_wpautop('[threed_custom_...')
#5 /var/www/html/r3dp.biz/public_html/wp-content/plugins/js-composer/include/classes/shortcodes/shortcodes.php(478): include('/var/www/html/r...')
#6 /var/www/html/r3dp.biz/public_ht in /var/www/html/r3dp.biz/public_html/wp-content/plugins/threed-vc-addons/vc-extensions/threed_custom_title_frontend.php on line 122

2018-12-01T23:46:39+00:00 CRITICAL Uncaught Error: Call to undefined function threed_word_limit() in /var/www/html/r3dp.biz/public_html/wp-content/plugins/threed-vc-addons/vc-extensions/threed_custom_title_frontend.php:122
Stack trace:
#0 /var/www/html/r3dp.biz/public_html/wp-includes/shortcodes.php(319): threed_custom_title_function(Array, '', 'threed_custom_t...')
#1 [internal function]: do_shortcode_tag(Array)
#2 /var/www/html/r3dp.biz/public_html/wp-includes/shortcodes.php(197): preg_replace_callback('/\\[(\\[?)(threed...', 'do_shortcode_ta...', '[threed_custom_...')
#3 /var/www/html/r3dp.biz/public_html/wp-content/plugins/js-composer/include/helpers/helpers.php(236): do_shortcode('[threed_custom_...')
#4 /var/www/html/r3dp.biz/public_html/wp-content/plugins/js-composer/include/templates/shortcodes/vc_column.php(94): wpb_js_remove_wpautop('[threed_custom_...')
#5 /var/www/html/r3dp.biz/public_html/wp-content/plugins/js-composer/include/classes/shortcodes/shortcodes.php(478): include('/var/www/html/r...')
#6 /var/www/html/r3dp.biz/public_ht in /var/www/html/r3dp.biz/public_html/wp-content/plugins/threed-vc-addons/vc-extensions/threed_custom_title_frontend.php on line 122

