********************************************************************************
DUPLICATOR-LITE PACKAGE-LOG: January 8, 2019 11:38 pm
NOTICE: Do NOT post to public sites or forums 
********************************************************************************
VERSION:	1.3.0
WORDPRESS:	5.0.2
PHP INFO:	7.2.10 | SAPI: apache2handler
SERVER:		Apache/2.4.35 (Win64) PHP/7.2.10 
PHP TIME LIMIT: (0) no time limit imposed 
PHP MAX MEMORY: 2048M (128M default) 
MEMORY STACK: 6MB 

********************************************************************************
DATABASE:
********************************************************************************
BUILD MODE:   PHP(query limit - 100)
MYSQLTIMEOUT: 5000
MYSQLDUMP:    Not Supported 
TABLES: total:35 | filtered:0 | create:35 
FILTERED: [] 
SQL CREATED: r3dp_localhost_DB_Mike_49037ceca7232b451995_20190108233754_database.sql 
SQL FILE SIZE: 2.43MB (2548459) 
SQL FILE TIME: 2019-01-08 23:38:04 
SQL RUNTIME: 3.22 sec. 

******************************************************************************** 
ARCHIVE (ZIP): 
******************************************************************************** 
ARCHIVE DIR:  C:/wamp64/www/R3DP 
ARCHIVE FILE: r3dp_localhost_DB_Mike_49037ceca7232b451995_20190108233754_archive.zip 
FILTERS: *OFF* 
DIRS:
	not set 
FILES:
	not set 
EXTS:  not set 
---------------------------------------- 
COMPRESSING 
SIZE:	0B 
STATS:	Dirs 0 | Files 0 
SQL ADDED: r3dp_localhost_DB_Mike_49037ceca7232b451995_20190108233754_database.sql 
ZipArchive Object
(
    [status] => 0
    [statusSys] => 0
    [numFiles] => 1
    [filename] => C:\wamp64\www\R3DP\wp-snapshots\tmp\r3dp_localhost_DB_Mike_49037ceca7232b451995_20190108233754_archive.zip
    [comment] => 
)
 
COMPRESSION RESULT: '1' 
COMPRESSED SIZE: 348.53KB 
ARCHIVE RUNTIME: 0.20 sec. 
MEMORY STACK: 8MB 
building installer 
add_extra_files1 
add_extra_files2 
add_extra_files3 
add_extra_files4 
Doing archive file check 
add_extra_files5 
add_extra_files6 
add_extra_files8 
Successfully opened zip C:/wamp64/www/R3DP/wp-snapshots/tmp/r3dp_localhost_DB_Mike_49037ceca7232b451995_20190108233754_archive.zip 
Adding enhanced installer files to archive using ZipArchive 
Installer files added to archive 
Added to archive 
After ziparchive close when adding installer 

******************************************************************************** 
INTEGRITY CHECKS: 
******************************************************************************** 
SQL File: 2.43MB 
Installer File: 32.64KB 
Archive File: 1.16MB  

********************************************************************************
RECORD ID:[9]
TOTAL PROCESS RUNTIME: 3.76 sec.
PEAK PHP MEMORY USED: 12MB
DONE PROCESSING => r3dp_localhost_DB_Mike January 8, 2019 11:38 pm
 
