********************************************************************************
DUPLICATOR-LITE PACKAGE-LOG: December 27, 2018 7:18 pm
NOTICE: Do NOT post to public sites or forums 
********************************************************************************
VERSION:	1.3.0
WORDPRESS:	5.0.2
PHP INFO:	7.2.10 | SAPI: apache2handler
SERVER:		Apache/2.4.35 (Win64) PHP/7.2.10 
PHP TIME LIMIT: (0) no time limit imposed 
PHP MAX MEMORY: 2048M (128M default) 
MEMORY STACK: 2MB 

********************************************************************************
DATABASE:
********************************************************************************
BUILD MODE:   PHP(query limit - 100)
MYSQLTIMEOUT: 5000
MYSQLDUMP:    Not Supported 
TABLES: total:35 | filtered:0 | create:35 
FILTERED: [] 
SQL CREATED: r3dp_localhost_DB_Mike_33e3f39182eb3cc52044_20181227191843_database.sql 
SQL FILE SIZE: 2.35MB (2468198) 
SQL FILE TIME: 2018-12-27 19:18:52 
SQL RUNTIME: 1.95 sec. 

******************************************************************************** 
ARCHIVE (ZIP): 
******************************************************************************** 
ARCHIVE DIR:  C:/wamp64/www/R3DP 
ARCHIVE FILE: r3dp_localhost_DB_Mike_33e3f39182eb3cc52044_20181227191843_archive.zip 
FILTERS: *OFF* 
DIRS:
	not set 
FILES:
	not set 
EXTS:  not set 
---------------------------------------- 
COMPRESSING 
SIZE:	0B 
STATS:	Dirs 0 | Files 0 
SQL ADDED: r3dp_localhost_DB_Mike_33e3f39182eb3cc52044_20181227191843_database.sql 
ZipArchive Object
(
    [status] => 0
    [statusSys] => 0
    [numFiles] => 1
    [filename] => C:\wamp64\www\R3DP\wp-snapshots\tmp\r3dp_localhost_DB_Mike_33e3f39182eb3cc52044_20181227191843_archive.zip
    [comment] => 
)
 
COMPRESSION RESULT: '1' 
COMPRESSED SIZE: 333.49KB 
ARCHIVE RUNTIME: 0.18 sec. 
MEMORY STACK: 4MB 
building installer 
add_extra_files1 
add_extra_files2 
add_extra_files3 
add_extra_files4 
Doing archive file check 
add_extra_files5 
add_extra_files6 
add_extra_files8 
Successfully opened zip C:/wamp64/www/R3DP/wp-snapshots/tmp/r3dp_localhost_DB_Mike_33e3f39182eb3cc52044_20181227191843_archive.zip 
Adding enhanced installer files to archive using ZipArchive 
Installer files added to archive 
Added to archive 
After ziparchive close when adding installer 

******************************************************************************** 
INTEGRITY CHECKS: 
******************************************************************************** 
SQL File: 2.35MB 
Installer File: 32.64KB 
Archive File: 1.14MB  

********************************************************************************
RECORD ID:[5]
TOTAL PROCESS RUNTIME: 2.42 sec.
PEAK PHP MEMORY USED: 6MB
DONE PROCESSING => r3dp_localhost_DB_Mike December 27, 2018 7:18 pm
 
